build/app/outputs/mapping/release/seeds.txt
com.example.hello_geofence.MainActivity
com.example.hello_geofence.MainActivity: MainActivity()
...
io.flutter.embedding.android.TransparencyMode: io.flutter.embedding.android.TransparencyMode[] values()
androidx.window.layout.FoldingFeature$Orientation: java.lang.String toString()
io.flutter.embedding.engine.FlutterJNI: void nativeSetSemanticsEnabled(long,boolean)
com.transistorsoft.flutter.backgroundfetch.HeadlessTask: void onInitialized(com.transistorsoft.flutter.backgroundfetch.HeadlessTask$OnInitializedCallback)
androidx.appcompat.widget.MenuPopupWindow$MenuDropDownListView: void setSelector(android.graphics.drawable.Drawable)
androidx.lifecycle.ReportFragment$LifecycleCallbacks: void onActivityPreStopped(android.app.Activity)
io.flutter.embedding.engine.FlutterJNI: void onVsync(long,long,long)
androidx.appcompat.widget.SearchView: int getSuggestionRowLayout()
androidx.appcompat.widget.Toolbar: int getCurrentContentInsetLeft()
com.transistorsoft.locationmanager.adapter.BackgroundGeolocation: void _onActivityTransitionEvent(com.google.android.gms.location.ActivityTransitionEvent)
kotlinx.coroutines.scheduling.CoroutineScheduler$WorkerState: kotlinx.coroutines.scheduling.CoroutineScheduler$WorkerState valueOf(java.lang.String)
androidx.window.embedding.ActivityStack: ActivityStack(java.util.List,boolean)
androidx.window.embedding.ActivityStack: java.util.List getActivities$window_release()
androidx.appcompat.widget.ActionBarOverlayLayout: void setShowingForActionMode(boolean)
androidx.appcompat.widget.Toolbar: int getContentInsetEndWithActions()
androidx.window.layout.WindowMetricsCalculatorCompat: int getNavigationBarHeight(android.content.Context)
androidx.appcompat.widget.AppCompatButton: android.graphics.PorterDuff$Mode getSupportBackgroundTintMode()
androidx.window.layout.SidecarWindowBackend: java.util.concurrent.CopyOnWriteArrayList getWindowLayoutChangeCallbacks()
androidx.window.layout.WindowMetrics: android.graphics.Rect getBounds()
androidx.appcompat.widget.AppCompatTextView: void setSupportBackgroundTintMode(android.graphics.PorterDuff$Mode)
androidx.window.embedding.ExtensionEmbeddingBackend$SplitListenerWrapper: androidx.core.util.Consumer getCallback()
androidx.fragment.app.FragmentContainerView: void setLayoutTransition(android.animation.LayoutTransition)
io.flutter.embedding.engine.mutatorsstack.FlutterMutatorsStack: void pushClipRRect(int,int,int,int,float[])
io.flutter.embedding.engine.FlutterJNI: android.graphics.Bitmap decodeImage(java.nio.ByteBuffer,long)
androidx.appcompat.widget.AppCompatTextView: void setPrecomputedText(androidx.core.text.PrecomputedTextCompat)
androidx.window.layout.WindowInfoTrackerImpl$Companion: WindowInfoTrackerImpl$Companion(kotlin.jvm.internal.DefaultConstructorMarker)
androidx.appcompat.widget.AppCompatCheckedTextView: void setCustomSelectionActionModeCallback(android.view.ActionMode$Callback)
androidx.vectordrawable.graphics.drawable.VectorDrawableCompat$VFullPath: float getFillAlpha()
android.support.v4.app.RemoteActionCompatParcelizer: RemoteActionCompatParcelizer()
kotlin.jvm.internal.FunctionReference: boolean isInfix()
androidx.window.layout.WindowMetricsCalculatorCompat: void getRectSizeFromDisplay(android.app.Activity,android.graphics.Rect)
io.flutter.embedding.engine.FlutterJNI: void nativeRunBundleAndSnapshotFromLibrary(long,java.lang.String,java.lang.String,java.lang.String,android.content.res.AssetManager,java.util.List)
androidx.vectordrawable.graphics.drawable.VectorDrawableCompat$VGroup: void setRotation(float)
io.flutter.embedding.engine.FlutterOverlaySurface: int getId()
io.flutter.embedding.engine.FlutterJNI: boolean isCodePointEmojiModifier(int)
androidx.core.widget.NestedScrollView: NestedScrollView(android.content.Context,android.util.AttributeSet)
androidx.appcompat.widget.SearchView: void setAppSearchData(android.os.Bundle)
androidx.appcompat.widget.FitWindowsFrameLayout: void setOnFitSystemWindowsListener(androidx.appcompat.widget.FitWindowsViewGroup$OnFitSystemWindowsListener)