build/app/outputs/mapping/release/mapping.txt
# compiler: R8
# compiler_version: 3.1.66
# min_api: 21
# pg_map_id: bf04f29
# common_typos_disable
# {"id":"com.android.tools.r8.mapping","version":"1.0"}
...
androidx.lifecycle.ViewModelProvider$KeyedFactory -> androidx.lifecycle.v$b:
    androidx.lifecycle.ViewModel create(java.lang.Class) -> a
    androidx.lifecycle.ViewModel create(java.lang.String,java.lang.Class) -> c
androidx.lifecycle.ViewModelProvider$OnRequeryFactory -> androidx.lifecycle.v$c:
    void onRequery(androidx.lifecycle.ViewModel) -> b
androidx.lifecycle.ViewModelStore -> androidx.lifecycle.w:
    java.util.HashMap mMap -> a
    void clear() -> a
    androidx.lifecycle.ViewModel get(java.lang.String) -> b
    java.util.Set keys() -> c
    void put(java.lang.String,androidx.lifecycle.ViewModel) -> d
androidx.lifecycle.ViewModelStoreOwner -> androidx.lifecycle.x:
    androidx.lifecycle.ViewModelStore getViewModelStore() -> h
androidx.lifecycle.ViewTreeLifecycleOwner -> androidx.lifecycle.y:
    void set(android.view.View,androidx.lifecycle.LifecycleOwner) -> a
androidx.lifecycle.ViewTreeViewModelStoreOwner -> androidx.lifecycle.z:
    void set(android.view.View,androidx.lifecycle.ViewModelStoreOwner) -> a
androidx.lifecycle.runtime.R$id -> e0.a:
    int view_tree_lifecycle_owner -> a
androidx.lifecycle.viewmodel.R$id -> f0.a:
    int view_tree_view_model_store_owner -> a
androidx.loader.app.LoaderManager -> androidx.loader.app.a:
    void dump(java.lang.String,java.io.FileDescriptor,java.io.PrintWriter,java.lang.String[]) -> a
    androidx.loader.app.LoaderManager getInstance(androidx.lifecycle.LifecycleOwner) -> b
    void markForRedelivery() -> c
androidx.loader.app.LoaderManagerImpl -> androidx.loader.app.b:
    androidx.lifecycle.LifecycleOwner mLifecycleOwner -> a
    androidx.loader.app.LoaderManagerImpl$LoaderViewModel mLoaderViewModel -> b
    boolean DEBUG -> c
    void dump(java.lang.String,java.io.FileDescriptor,java.io.PrintWriter,java.lang.String[]) -> a
    void markForRedelivery() -> c
androidx.loader.app.LoaderManagerImpl$LoaderInfo -> androidx.loader.app.b$a:
    int mId -> l
    androidx.loader.content.Loader mLoader -> n
    androidx.lifecycle.LifecycleOwner mLifecycleOwner -> o
    android.os.Bundle mArgs -> m
    void onActive() -> f
    void onInactive() -> g
    void removeObserver(androidx.lifecycle.Observer) -> h
    void setValue(java.lang.Object) -> i
    androidx.loader.content.Loader destroy(boolean) -> j
    void dump(java.lang.String,java.io.FileDescriptor,java.io.PrintWriter,java.lang.String[]) -> k
    void markForRedelivery() -> l
androidx.loader.app.LoaderManagerImpl$LoaderViewModel -> androidx.loader.app.b$b:
    androidx.collection.SparseArrayCompat mLoaders -> c
    androidx.lifecycle.ViewModelProvider$Factory FACTORY -> e
    boolean mCreatingLoader -> d
    void onCleared() -> d
    void dump(java.lang.String,java.io.FileDescriptor,java.io.PrintWriter,java.lang.String[]) -> e
    androidx.loader.app.LoaderManagerImpl$LoaderViewModel getInstance(androidx.lifecycle.ViewModelStore) -> f
    void markForRedelivery() -> g
androidx.loader.app.LoaderManagerImpl$LoaderViewModel$1 -> androidx.loader.app.b$b$a:
    androidx.lifecycle.ViewModel create(java.lang.Class) -> a
androidx.loader.content.Loader -> g0.a:
androidx.localbroadcastmanager.content.LocalBroadcastManager -> h0.a:
    android.content.Context mAppContext -> a
    android.os.Handler mHandler -> e
    androidx.localbroadcastmanager.content.LocalBroadcastManager mInstance -> g
    java.lang.Object mLock -> f
    java.util.HashMap mReceivers -> b
    java.util.ArrayList mPendingBroadcasts -> d
    java.util.HashMap mActions -> c
    void executePendingBroadcasts() -> a
    androidx.localbroadcastmanager.content.LocalBroadcastManager getInstance(android.content.Context) -> b
    void registerReceiver(android.content.BroadcastReceiver,android.content.IntentFilter) -> c
    boolean sendBroadcast(android.content.Intent) -> d
    void unregisterReceiver(android.content.BroadcastReceiver) -> e