build/app/outputs/mapping/release/usage.txt
com.example.hello_geofence.BuildConfig
com.example.hello_geofence.R$anim
com.example.hello_geofence.R$animator
com.example.hello_geofence.R$attr
com.example.hello_geofence.R$bool
com.example.hello_geofence.R$color
com.example.hello_geofence.R$dimen
com.example.hello_geofence.R$drawable
com.example.hello_geofence.R$id
com.example.hello_geofence.R$integer
com.example.hello_geofence.R$interpolator
com.example.hello_geofence.R$layout
com.example.hello_geofence.R$menu
com.example.hello_geofence.R$mipmap
com.example.hello_geofence.R$raw
com.example.hello_geofence.R$string
com.example.hello_geofence.R$style
com.example.hello_geofence.R$styleable
com.example.hello_geofence.R$xml
com.example.hello_geofence.R
...
androidx.core.net.ConnectivityManagerCompat
androidx.core.net.DatagramSocketWrapper$DatagramSocketImplWrapper
androidx.core.net.DatagramSocketWrapper
androidx.core.net.MailTo
androidx.core.net.ParseException
androidx.core.net.TrafficStatsCompat
androidx.core.net.UriCompat
androidx.core.os.BuildCompat$PrereleaseSdkCheck
androidx.core.os.BuildCompat:
    private void <init>()
    public static boolean isAtLeastN()
    public static boolean isAtLeastNMR1()
    public static boolean isAtLeastO()
    public static boolean isAtLeastOMR1()
    public static boolean isAtLeastP()
    public static boolean isAtLeastQ()
    public static boolean isAtLeastT()
androidx.core.os.CancellationSignal:
    public java.lang.Object getCancellationSignalObject()
    public void throwIfCanceled()
androidx.core.os.ConfigurationCompat:
    private void <init>()
androidx.core.os.EnvironmentCompat
androidx.core.os.ExecutorCompat:
    private void <init>()
androidx.core.os.HandlerCompat$Api28Impl
androidx.core.os.HandlerCompat$Api29Impl
androidx.core.os.HandlerCompat
androidx.core.os.LocaleListCompat:
    public static androidx.core.os.LocaleListCompat forLanguageTags(java.lang.String)
    public static androidx.core.os.LocaleListCompat getAdjustedDefault()
    public static androidx.core.os.LocaleListCompat getDefault()
    public static androidx.core.os.LocaleListCompat getEmptyLocaleList()
    public java.util.Locale getFirstMatch(java.lang.String[])
    public int indexOf(java.util.Locale)
    public boolean isEmpty()
    public int size()
    public java.lang.String toLanguageTags()
    public java.lang.Object unwrap()
    public static androidx.core.os.LocaleListCompat wrap(java.lang.Object)
androidx.core.os.LocaleListCompatWrapper:
    private java.util.Locale computeFirstMatch(java.util.Collection,boolean)
    private int computeFirstMatchIndex(java.util.Collection,boolean)
    private int findFirstMatchIndex(java.util.Locale)
    public java.util.Locale getFirstMatch(java.lang.String[])
    private static java.lang.String getLikelyScript(java.util.Locale)
    public int indexOf(java.util.Locale)
    public boolean isEmpty()
    private static boolean isPseudoLocale(java.util.Locale)
    private static int matchScore(java.util.Locale,java.util.Locale)
    public int size()
    public java.lang.String toLanguageTags()
androidx.core.os.LocaleListInterface:
    public abstract java.util.Locale getFirstMatch(java.lang.String[])
    public abstract int indexOf(java.util.Locale)
    public abstract boolean isEmpty()
    public abstract int size()
    public abstract java.lang.String toLanguageTags()
androidx.core.os.LocaleListPlatformWrapper:
    public java.util.Locale getFirstMatch(java.lang.String[])
    public int indexOf(java.util.Locale)
    public boolean isEmpty()
    public int size()
    public java.lang.String toLanguageTags()
androidx.core.os.MessageCompat
androidx.core.os.OperationCanceledException
androidx.core.os.ParcelCompat
androidx.core.os.ParcelableCompat$ParcelableCompatCreatorHoneycombMR2
androidx.core.os.ParcelableCompat
androidx.core.os.ParcelableCompatCreatorCallbacks
androidx.core.os.ProcessCompat$Api16Impl
androidx.core.os.ProcessCompat$Api17Impl
androidx.core.os.ProcessCompat$Api24Impl
androidx.core.os.ProcessCompat
androidx.core.os.TraceCompat:
    private static final java.lang.String TAG
    private void <init>()
    public static void beginAsyncSection(java.lang.String,int)
    public static void endAsyncSection(java.lang.String,int)
    public static boolean isEnabled()
    public static void setCounter(java.lang.String,int)
androidx.core.os.UserHandleCompat$Api24Impl
androidx.core.os.UserHandleCompat
androidx.core.os.UserManagerCompat
androidx.core.provider.CallbackWithHandler:
    void <init>(androidx.core.provider.FontsContractCompat$FontRequestCallback)
androidx.core.provider.CalleeHandler:
    private void <init>()
androidx.core.provider.DocumentsContractCompat$DocumentCompat